<?xml version="1.0" encoding="utf-8"?><testsuites name="pytest tests"><testsuite name="pytest" errors="0" failures="0" skipped="0" tests="15" time="2.308" timestamp="2026-06-23T07:34:57.153027+00:00" hostname="agent-env-b9757a1b-44d0-40f7-bea9-f92e0f37b778"><testcase classname="backend.tests.test_green_tara_api.TestHealth" name="test_root" time="0.282" /><testcase classname="backend.tests.test_green_tara_api.TestAuth" name="test_login_success" time="0.272" /><testcase classname="backend.tests.test_green_tara_api.TestAuth" name="test_login_wrong_password" time="0.269" /><testcase classname="backend.tests.test_green_tara_api.TestAuth" name="test_login_unknown_user" time="0.045" /><testcase classname="backend.tests.test_green_tara_api.TestAuth" name="test_me_requires_auth" time="0.122" /><testcase classname="backend.tests.test_green_tara_api.TestAuth" name="test_me_with_bearer_token" time="0.396" /><testcase classname="backend.tests.test_green_tara_api.TestBookingCreate" name="test_create_returns_reference" time="0.046" /><testcase classname="backend.tests.test_green_tara_api.TestBookingCreate" name="test_create_validation_missing_fields" time="0.045" /><testcase classname="backend.tests.test_green_tara_api.TestAdminBookings" name="test_list_requires_auth" time="0.110" /><testcase classname="backend.tests.test_green_tara_api.TestAdminBookings" name="test_list_bookings" time="0.042" /><testcase classname="backend.tests.test_green_tara_api.TestAdminBookings" name="test_stats" time="0.046" /><testcase classname="backend.tests.test_green_tara_api.TestAdminBookings" name="test_patch_status_confirms" time="0.082" /><testcase classname="backend.tests.test_green_tara_api.TestAdminBookings" name="test_patch_invalid_status" time="0.040" /><testcase classname="backend.tests.test_green_tara_api.TestAdminBookings" name="test_patch_not_found" time="0.044" /><testcase classname="backend.tests.test_green_tara_api.TestLogout" name="test_logout" time="0.315" /></testsuite></testsuites>